<?xml version="1.0" encoding="UTF-8"?>
<!-- Generated by org.testng.reporters.JUnitReportReporter -->
<testsuite hostname="6249a44bfd3d5a6" failures="0" tests="1" name="ustbatchno3.TestNG.Employeetest" time="0.020" errors="0" timestamp="2023-03-13T12:41:40 IST" skipped="0">
  <testcase classname="ustbatchno3.TestNG.Employeetest" name="testEmployee" time="0.020"/>
  <system-out/>
</testsuite> <!-- ustbatchno3.TestNG.Employeetest -->
