<?xml version="1.0" encoding="UTF-8"?>
<!-- Generated by org.testng.reporters.JUnitReportReporter -->
<testsuite hostname="6249a44bfd3d5a6" failures="0" tests="1" name="ustbatchno3.TestNG.ConstructionSamudhraTest" time="0.018" errors="0" timestamp="2023-03-13T15:34:56 IST" skipped="0">
  <testcase classname="ustbatchno3.TestNG.ConstructionSamudhraTest" name="Construction" time="0.018"/>
  <system-out/>
</testsuite> <!-- ustbatchno3.TestNG.ConstructionSamudhraTest -->
